<?xml version="1.0" encoding="utf-8"?><testsuites name="pytest tests"><testsuite name="pytest" errors="0" failures="0" skipped="0" tests="22" time="4.797" timestamp="2026-06-28T01:15:30.144138+00:00" hostname="agent-env-cc6bc9fa-bb98-47db-bd6f-1f1e0fbef401"><testcase classname="backend.tests.test_governance.TestAdminLogin" name="test_admin_login" time="0.418" /><testcase classname="backend.tests.test_governance.TestAdminLogin" name="test_governance_me_admin" time="0.046" /><testcase classname="backend.tests.test_governance.TestRegistration" name="test_register_creates_isolated_tenant" time="0.429" /><testcase classname="backend.tests.test_governance.TestBruteForceLockout" name="test_lockout_after_5_failed_logins" time="0.377" /><testcase classname="backend.tests.test_governance.TestAudit" name="test_admin_audit_contains_login" time="0.879" /><testcase classname="backend.tests.test_governance.TestAudit" name="test_audit_forbidden_for_normal_user" time="0.418" /><testcase classname="backend.tests.test_governance.TestAdminOnlyEndpoints" name="test_admin_200[/api/admin/tenants]" time="0.047" /><testcase classname="backend.tests.test_governance.TestAdminOnlyEndpoints" name="test_admin_200[/api/admin/monitoring]" time="0.049" /><testcase classname="backend.tests.test_governance.TestAdminOnlyEndpoints" name="test_admin_200[/api/admin/audit]" time="0.045" /><testcase classname="backend.tests.test_governance.TestAdminOnlyEndpoints" name="test_user_403[/api/admin/tenants]" time="0.057" /><testcase classname="backend.tests.test_governance.TestAdminOnlyEndpoints" name="test_user_403[/api/admin/monitoring]" time="0.060" /><testcase classname="backend.tests.test_governance.TestAdminOnlyEndpoints" name="test_user_403[/api/admin/audit]" time="0.058" /><testcase classname="backend.tests.test_governance.TestMonitoring" name="test_monitoring_payload" time="0.049" /><testcase classname="backend.tests.test_governance.TestRoleUpdate" name="test_role_update_valid_and_invalid" time="0.321" /><testcase classname="backend.tests.test_governance.TestTenantMembers" name="test_admin_sees_members" time="0.052" /><testcase classname="backend.tests.test_governance.TestTenantMembers" name="test_user_403" time="0.052" /><testcase classname="backend.tests.test_governance.TestReadiness" name="test_ready" time="0.093" /><testcase classname="backend.tests.test_governance.TestStorefrontRegression" name="test_admin_can_purchase_and_double_sell_guard" time="0.154" /><testcase classname="backend.tests.test_governance.TestInsufficientCredits" name="test_fresh_user_402" time="0.496" /><testcase classname="backend.tests.test_governance.TestAuthRegression" name="test_auth_me_admin" time="0.047" /><testcase classname="backend.tests.test_governance.TestAuthRegression" name="test_leads_list" time="0.066" /><testcase classname="backend.tests.test_governance.TestAuthRegression" name="test_logout" time="0.505" /></testsuite></testsuites>