<?xml version="1.0" encoding="utf-8"?><testsuites name="pytest tests"><testsuite name="pytest" errors="0" failures="0" skipped="0" tests="14" time="4.049" timestamp="2026-06-23T16:05:01.152181+00:00" hostname="agent-env-cc6bc9fa-bb98-47db-bd6f-1f1e0fbef401"><testcase classname="backend.tests.test_intel_storefront.TestAdminLogin" name="test_login_and_me" time="0.528" /><testcase classname="backend.tests.test_intel_storefront.TestProcessLeads" name="test_response_shape" time="1.910" /><testcase classname="backend.tests.test_intel_storefront.TestProcessLeads" name="test_per_lead_intel_payload" time="0.000" /><testcase classname="backend.tests.test_intel_storefront.TestProcessLeads" name="test_weak_lead_flagged" time="0.000" /><testcase classname="backend.tests.test_intel_storefront.TestProcessLeads" name="test_strong_lead_higher_confidence" time="0.000" /><testcase classname="backend.tests.test_intel_storefront.TestProcessLeads" name="test_non_admin_403" time="0.734" /><testcase classname="backend.tests.test_intel_storefront.TestStorefrontBrowse" name="test_browse_returns_available_masked" time="0.066" /><testcase classname="backend.tests.test_intel_storefront.TestStorefrontBrowse" name="test_filter_min_confidence" time="0.075" /><testcase classname="backend.tests.test_intel_storefront.TestStorefrontBrowse" name="test_filter_tier" time="0.061" /><testcase classname="backend.tests.test_intel_storefront.TestStorefrontBrowse" name="test_filter_state" time="0.119" /><testcase classname="backend.tests.test_intel_storefront.TestPurchaseFlow" name="test_admin_purchase_unlocks_full" time="0.109" /><testcase classname="backend.tests.test_intel_storefront.TestPurchaseFlow" name="test_purchased_lead_disappears_from_storefront" time="0.050" /><testcase classname="backend.tests.test_intel_storefront.TestPurchaseFlow" name="test_double_sell_blocked" time="0.050" /><testcase classname="backend.tests.test_intel_storefront.TestPurchaseFlow" name="test_insufficient_credits_for_new_user" time="0.163" /></testsuite></testsuites>