<?xml version="1.0" encoding="utf-8"?><testsuites name="pytest tests"><testsuite name="pytest" errors="0" failures="0" skipped="0" tests="26" time="6.107" timestamp="2026-06-18T02:32:09.992370+00:00" hostname="agent-env-cc6bc9fa-bb98-47db-bd6f-1f1e0fbef401"><testcase classname="backend.tests.backend_test" name="test_health" time="0.161" /><testcase classname="backend.tests.backend_test" name="test_admin_login_and_me" time="0.370" /><testcase classname="backend.tests.backend_test" name="test_register_user_returns_cookies" time="0.379" /><testcase classname="backend.tests.backend_test" name="test_login_invalid_password" time="0.329" /><testcase classname="backend.tests.backend_test" name="test_admin_list_users_works_for_admin" time="0.046" /><testcase classname="backend.tests.backend_test" name="test_admin_list_users_forbidden_for_user" time="0.052" /><testcase classname="backend.tests.backend_test" name="test_admin_role_update" time="0.093" /><testcase classname="backend.tests.backend_test" name="test_api_key_lifecycle" time="0.337" /><testcase classname="backend.tests.backend_test" name="test_leads_list_has_seed" time="0.044" /><testcase classname="backend.tests.backend_test" name="test_leads_stats" time="0.047" /><testcase classname="backend.tests.backend_test" name="test_leads_filter_and_search" time="0.092" /><testcase classname="backend.tests.backend_test" name="test_lead_create_sell_delete" time="0.191" /><testcase classname="backend.tests.backend_test" name="test_osint_dns" time="0.079" /><testcase classname="backend.tests.backend_test" name="test_osint_ip" time="0.184" /><testcase classname="backend.tests.backend_test" name="test_osint_phone" time="0.050" /><testcase classname="backend.tests.backend_test" name="test_osint_reports_list" time="0.052" /><testcase classname="backend.tests.backend_test" name="test_ai_chat_graceful" time="0.155" /><testcase classname="backend.tests.backend_test" name="test_ai_enrich_graceful" time="0.244" /><testcase classname="backend.tests.backend_test" name="test_logout_clears_cookie" time="0.441" /><testcase classname="backend.tests.backend_test" name="test_scraper_status_shape" time="0.046" /><testcase classname="backend.tests.backend_test" name="test_scraper_config_get_and_admin_put" time="0.086" /><testcase classname="backend.tests.backend_test" name="test_scraper_config_put_forbidden_for_user" time="0.052" /><testcase classname="backend.tests.backend_test" name="test_scraper_trigger_increments_cycles_and_feed" time="2.183" /><testcase classname="backend.tests.backend_test" name="test_ai_model_status_lists_both" time="0.048" /><testcase classname="backend.tests.backend_test" name="test_ai_chat_both_models_graceful[deepseek]" time="0.131" /><testcase classname="backend.tests.backend_test" name="test_ai_chat_both_models_graceful[qwen]" time="0.143" /></testsuite></testsuites>