<?xml version="1.0" encoding="utf-8"?><testsuites name="pytest tests"><testsuite name="pytest" errors="0" failures="0" skipped="0" tests="19" time="4.560" timestamp="2026-06-18T00:50:58.861028+00:00" hostname="agent-env-cc6bc9fa-bb98-47db-bd6f-1f1e0fbef401"><testcase classname="backend.tests.backend_test" name="test_health" time="0.118" /><testcase classname="backend.tests.backend_test" name="test_admin_login_and_me" time="0.401" /><testcase classname="backend.tests.backend_test" name="test_register_user_returns_cookies" time="0.367" /><testcase classname="backend.tests.backend_test" name="test_login_invalid_password" time="0.337" /><testcase classname="backend.tests.backend_test" name="test_admin_list_users_works_for_admin" time="0.052" /><testcase classname="backend.tests.backend_test" name="test_admin_list_users_forbidden_for_user" time="0.050" /><testcase classname="backend.tests.backend_test" name="test_admin_role_update" time="0.083" /><testcase classname="backend.tests.backend_test" name="test_api_key_lifecycle" time="0.421" /><testcase classname="backend.tests.backend_test" name="test_leads_list_has_seed" time="0.076" /><testcase classname="backend.tests.backend_test" name="test_leads_stats" time="0.083" /><testcase classname="backend.tests.backend_test" name="test_leads_filter_and_search" time="0.129" /><testcase classname="backend.tests.backend_test" name="test_lead_create_sell_delete" time="0.251" /><testcase classname="backend.tests.backend_test" name="test_osint_dns" time="0.048" /><testcase classname="backend.tests.backend_test" name="test_osint_ip" time="0.204" /><testcase classname="backend.tests.backend_test" name="test_osint_phone" time="0.303" /><testcase classname="backend.tests.backend_test" name="test_osint_reports_list" time="0.042" /><testcase classname="backend.tests.backend_test" name="test_ai_chat_graceful" time="0.439" /><testcase classname="backend.tests.backend_test" name="test_ai_enrich_graceful" time="0.601" /><testcase classname="backend.tests.backend_test" name="test_logout_clears_cookie" time="0.465" /></testsuite></testsuites>