<?xml version="1.0" encoding="utf-8"?><testsuites name="pytest tests"><testsuite name="pytest" errors="0" failures="0" skipped="0" tests="36" time="12.216" timestamp="2026-06-18T03:23:41.534066+00:00" hostname="agent-env-cc6bc9fa-bb98-47db-bd6f-1f1e0fbef401"><testcase classname="backend.tests.backend_test" name="test_health" time="0.267" /><testcase classname="backend.tests.backend_test" name="test_admin_login_and_me" time="0.406" /><testcase classname="backend.tests.backend_test" name="test_register_user_returns_cookies" time="0.404" /><testcase classname="backend.tests.backend_test" name="test_login_invalid_password" time="0.350" /><testcase classname="backend.tests.backend_test" name="test_admin_list_users_works_for_admin" time="0.051" /><testcase classname="backend.tests.backend_test" name="test_admin_list_users_forbidden_for_user" time="0.046" /><testcase classname="backend.tests.backend_test" name="test_admin_role_update" time="0.099" /><testcase classname="backend.tests.backend_test" name="test_api_key_lifecycle" time="0.389" /><testcase classname="backend.tests.backend_test" name="test_leads_list_has_seed" time="0.054" /><testcase classname="backend.tests.backend_test" name="test_leads_stats" time="0.049" /><testcase classname="backend.tests.backend_test" name="test_leads_filter_and_search" time="0.099" /><testcase classname="backend.tests.backend_test" name="test_lead_create_sell_delete" time="0.183" /><testcase classname="backend.tests.backend_test" name="test_osint_dns" time="0.080" /><testcase classname="backend.tests.backend_test" name="test_osint_ip" time="0.180" /><testcase classname="backend.tests.backend_test" name="test_osint_phone" time="0.407" /><testcase classname="backend.tests.backend_test" name="test_osint_reports_list" time="0.047" /><testcase classname="backend.tests.backend_test" name="test_ai_chat_graceful" time="0.428" /><testcase classname="backend.tests.backend_test" name="test_ai_enrich_graceful" time="0.228" /><testcase classname="backend.tests.backend_test" name="test_logout_clears_cookie" time="0.412" /><testcase classname="backend.tests.backend_test" name="test_scraper_status_shape" time="0.047" /><testcase classname="backend.tests.backend_test" name="test_scraper_config_get_and_admin_put" time="0.092" /><testcase classname="backend.tests.backend_test" name="test_scraper_config_put_forbidden_for_user" time="0.043" /><testcase classname="backend.tests.backend_test" name="test_scraper_trigger_increments_cycles_and_feed" time="2.193" /><testcase classname="backend.tests.backend_test" name="test_ai_model_status_lists_both" time="0.047" /><testcase classname="backend.tests.backend_test" name="test_ai_chat_both_models_graceful[deepseek]" time="0.135" /><testcase classname="backend.tests.backend_test" name="test_ai_chat_both_models_graceful[qwen]" time="0.144" /><testcase classname="backend.tests.backend_test" name="test_payments_packages_shape" time="0.047" /><testcase classname="backend.tests.backend_test" name="test_payments_checkout_invalid_package" time="0.048" /><testcase classname="backend.tests.backend_test" name="test_payments_checkout_creates_pending_txn_and_status" time="1.436" /><testcase classname="backend.tests.backend_test" name="test_normal_user_sees_scraped_leads_locked" time="0.106" /><testcase classname="backend.tests.backend_test" name="test_admin_sees_scraped_leads_unlocked" time="0.103" /><testcase classname="backend.tests.backend_test" name="test_unlock_requires_credits_402" time="0.175" /><testcase classname="backend.tests.backend_test" name="test_unlock_decrements_credits_and_is_idempotent" time="0.232" /><testcase classname="backend.tests.backend_test" name="test_people_intel_scan_deepseek" time="1.772" /><testcase classname="backend.tests.backend_test" name="test_people_intel_scan_qwen_graceful" time="1.244" /><testcase classname="backend.tests.backend_test" name="test_people_intel_history" time="0.049" /></testsuite></testsuites>