<?xml version="1.0" encoding="utf-8"?><testsuites name="pytest tests"><testsuite name="pytest" errors="0" failures="0" skipped="0" tests="26" time="37.715" timestamp="2026-07-04T17:43:11.768483+00:00" hostname="agent-env-cc6bc9fa-bb98-47db-bd6f-1f1e0fbef401"><testcase classname="backend.tests.test_refactor_regression" name="test_ready_db_proxy" time="0.279" /><testcase classname="backend.tests.test_refactor_regression" name="test_auth_refresh" time="0.413" /><testcase classname="backend.tests.test_refactor_regression" name="test_leads_export_csv" time="0.079" /><testcase classname="backend.tests.test_refactor_regression" name="test_enrich_pricing" time="0.046" /><testcase classname="backend.tests.test_refactor_regression" name="test_enrich_business_credits_or_result" time="6.081" /><testcase classname="backend.tests.test_refactor_regression" name="test_payments_checkout_creates_session" time="0.577" /><testcase classname="backend.tests.test_refactor_regression" name="test_threat_reports_admin_only" time="0.535" /><testcase classname="backend.tests.test_refactor_regression" name="test_threat_outreach_profile_roundtrip" time="0.124" /><testcase classname="backend.tests.test_refactor_regression" name="test_threat_scan_example_com" time="24.860" /><testcase classname="backend.tests.test_refactor_regression" name="test_outreach_templates" time="0.053" /><testcase classname="backend.tests.test_refactor_regression" name="test_outreach_auto_config" time="0.049" /><testcase classname="backend.tests.test_refactor_regression" name="test_outreach_preview" time="0.047" /><testcase classname="backend.tests.test_refactor_regression" name="test_outreach_sample_pack_json" time="0.045" /><testcase classname="backend.tests.test_refactor_regression" name="test_outreach_sample_pack_csv" time="0.053" /><testcase classname="backend.tests.test_refactor_regression" name="test_outreach_sample_pack_pdf" time="0.569" /><testcase classname="backend.tests.test_refactor_regression" name="test_storefront_leads_masked" time="0.057" /><testcase classname="backend.tests.test_refactor_regression" name="test_storefront_sectors" time="0.047" /><testcase classname="backend.tests.test_refactor_regression" name="test_storefront_rfp_submit_and_admin_list" time="0.105" /><testcase classname="backend.tests.test_refactor_regression" name="test_public_waitlist" time="0.201" /><testcase classname="backend.tests.test_refactor_regression" name="test_public_enrich_score" time="0.102" /><testcase classname="backend.tests.test_refactor_regression" name="test_public_chat" time="2.970" /><testcase classname="backend.tests.test_refactor_regression" name="test_governance_me" time="0.052" /><testcase classname="backend.tests.test_refactor_regression" name="test_admin_tenants" time="0.049" /><testcase classname="backend.tests.test_refactor_regression" name="test_admin_audit" time="0.053" /><testcase classname="backend.tests.test_refactor_regression" name="test_admin_monitoring" time="0.058" /><testcase classname="backend.tests.test_refactor_regression" name="test_intel_sources" time="0.046" /></testsuite></testsuites>