<?xml version="1.0" encoding="utf-8"?><testsuites name="pytest tests"><testsuite name="pytest" errors="0" failures="1" skipped="1" tests="11" time="254.438" timestamp="2026-06-28T20:49:00.873236+00:00" hostname="agent-env-cc6bc9fa-bb98-47db-bd6f-1f1e0fbef401"><testcase classname="backend.tests.test_osint_live_scrape.TestAuth" name="test_admin_me" time="0.531" /><testcase classname="backend.tests.test_osint_live_scrape.TestStorefrontHQOnly" name="test_leads_all_ready_to_sell_and_not_sold" time="0.068" /><testcase classname="backend.tests.test_osint_live_scrape.TestStorefrontHQOnly" name="test_sectors_catalog_has_new_high_value_sectors" time="0.049" /><testcase classname="backend.tests.test_osint_live_scrape.TestStorefrontHQOnly" name="test_bundle_filters_only_hq" time="0.058" /><testcase classname="backend.tests.test_osint_live_scrape.TestScraperLiveCycle" name="test_status_scheduler_enabled" time="0.050" /><testcase classname="backend.tests.test_osint_live_scrape.TestScraperLiveCycle" name="test_trigger_osm_and_verify_osint_fl_payload" time="242.681"><skipped type="pytest.skip" message="scrape cycle did not finish within 4 minutes — partial harvest acceptable">/app/backend/tests/test_osint_live_scrape.py:151: scrape cycle did not finish within 4 minutes — partial harvest acceptable</skipped></testcase><testcase classname="backend.tests.test_osint_live_scrape.TestGenerateLeads" name="test_generate_pinellas_financial_no_ai" time="9.958"><failure message="AssertionError: assert 'CA' == 'FL'&#10;  &#10;  - FL&#10;  + CA">backend/tests/test_osint_live_scrape.py:202: in test_generate_pinellas_financial_no_ai
    assert (ld.get("state") or "").upper() == "FL"
E   AssertionError: assert 'CA' == 'FL'
E     
E     - FL
E     + CA</failure></testcase><testcase classname="backend.tests.test_osint_live_scrape.TestPurchaseFlow" name="test_admin_purchase_hq_lead" time="0.209" /><testcase classname="backend.tests.test_osint_live_scrape.TestPurchaseFlow" name="test_buyer_purchase_402_or_success" time="0.532" /><testcase classname="backend.tests.test_osint_live_scrape.TestRegression" name="test_intel_sources_lists_osm" time="0.046" /><testcase classname="backend.tests.test_osint_live_scrape.TestRegression" name="test_ready_endpoint" time="0.141" /></testsuite></testsuites>