<?xml version="1.0" encoding="utf-8"?><testsuites name="pytest tests"><testsuite name="pytest" errors="0" failures="0" skipped="0" tests="9" time="50.299" timestamp="2026-06-18T11:55:12.059460+00:00" hostname="agent-env-cc6bc9fa-bb98-47db-bd6f-1f1e0fbef401"><testcase classname="backend.tests.test_threat" name="test_threat_scan_forbidden_for_user" time="0.617" /><testcase classname="backend.tests.test_threat" name="test_threat_reports_forbidden_for_user" time="0.057" /><testcase classname="backend.tests.test_threat" name="test_threat_outreach_profile_get_forbidden_for_user" time="0.050" /><testcase classname="backend.tests.test_threat" name="test_threat_outreach_profile_put_forbidden_for_user" time="0.050" /><testcase classname="backend.tests.test_threat" name="test_outreach_profile_put_and_get_persists" time="0.461" /><testcase classname="backend.tests.test_threat" name="test_threat_scan_low_risk_example_com" time="18.991" /><testcase classname="backend.tests.test_threat" name="test_threat_scan_high_risk_neverssl" time="29.886" /><testcase classname="backend.tests.test_threat" name="test_threat_reports_list_admin" time="0.054" /><testcase classname="backend.tests.test_threat" name="test_threat_reports_high_ticket_filter" time="0.048" /></testsuite></testsuites>